Arguments: 
  /usr/local/bin/node /usr/share/yarn/bin/yarn.js add vue-loading-skeleton

PATH: 
  /usr/local/sbin:/usr/local/bin:/usr/sbin:/usr/bin:/sbin:/bin:/usr/games:/usr/local/games:/snap/bin

Yarn version: 
  1.22.5

Node version: 
  15.6.0

Platform: 
  linux x64

Trace: 
  Error: EACCES: permission denied, mkdir '/srv/www/gustavo/my-project/node_modules/color-convert/node_modules/color-name'

npm manifest: 
  {
    "name": "my-project",
    "version": "0.0.0",
    "scripts": {
      "dev": "vite",
      "build": "vite build",
      "serve": "vite preview"
    },
    "dependencies": {
      "@tailwindcss/forms": "^0.2.1",
      "axios": "^0.21.1",
      "vite-aliases": "^0.2.1",
      "vue": "^3.0.5",
      "vue-axios": "^3.2.4",
      "vue-router": "4.0.0-alpha.11",
      "vuex": "^4.0.0-rc.2"
    },
    "devDependencies": {
      "@vitejs/plugin-vue": "^1.1.2",
      "@vue/compiler-sfc": "^3.0.5",
      "autoprefixer": "^10.2.4",
      "postcss": "^8.2.4",
      "tailwindcss": "^2.0.2",
      "vite": "^2.0.0-beta.50"
    }
  }

yarn manifest: 
  No manifest

Lockfile: 
  # THIS IS AN AUTOGENERATED FILE. DO NOT EDIT THIS FILE DIRECTLY.
  # yarn lockfile v1
  
  
  "@babel/helper-validator-identifier@^7.12.11":
    "integrity" "sha512-np/lG3uARFybkoHokJUmf1QfEvRVCPbmQeUQpKow5cQ3xWrV9i3rUHodKDJPQfTVX61qKi+UdYk8kik84n7XOw=="
    "resolved" "https://registry.npmjs.org/@babel/helper-validator-identifier/-/helper-validator-identifier-7.12.11.tgz"
    "version" "7.12.11"
  
  "@babel/parser@^7.12.0":
    "integrity" "sha512-N3UxG+uuF4CMYoNj8AhnbAcJF0PiuJ9KHuy1lQmkYsxTer/MAH9UBNHsBoAX/4s6NvlDD047No8mYVGGzLL4hg=="
    "resolved" "https://registry.npmjs.org/@babel/parser/-/parser-7.12.11.tgz"
    "version" "7.12.11"
  
  "@babel/types@^7.12.0":
    "integrity" "sha512-lnIX7piTxOH22xE7fDXDbSHg9MM1/6ORnafpJmov5rs0kX5g4BZxeXNJLXsMRiO0U5Rb8/FvMS6xlTnTHvxonQ=="
    "resolved" "https://registry.npmjs.org/@babel/types/-/types-7.12.12.tgz"
    "version" "7.12.12"
    dependencies:
      "@babel/helper-validator-identifier" "^7.12.11"
      "lodash" "^4.17.19"
      "to-fast-properties" "^2.0.0"
  
  "@fullhuman/postcss-purgecss@^3.0.0":
    "integrity" "sha512-kwOXw8fZ0Lt1QmeOOrd+o4Ibvp4UTEBFQbzvWldjlKv5n+G9sXfIPn1hh63IQIL8K8vbvv1oYMJiIUbuy9bGaA=="
    "resolved" "https://registry.npmjs.org/@fullhuman/postcss-purgecss/-/postcss-purgecss-3.1.3.tgz"
    "version" "3.1.3"
    dependencies:
      "purgecss" "^3.1.3"
  
  "@tailwindcss/forms@^0.2.1":
    "integrity" "sha512-czfvEdY+J2Ogfd6RUSr/ZSUmDxTujr34M++YLnp2cCPC3oJ4kFvFMaRXA6cEXKw7F1hJuapdjXRjsXIEXGgORg=="
    "resolved" "https://registry.npmjs.org/@tailwindcss/forms/-/forms-0.2.1.tgz"
    "version" "0.2.1"
    dependencies:
      "mini-svg-data-uri" "^1.2.3"
  
  "@vitejs/plugin-vue@^1.1.2":
    "integrity" "sha512-cUDILd++9jdhdjpuhgJofQqOabOKe+kTWTE2HQY2PBHEUO2fgwTurLE0cJg9UcIo1x4lHfsp+59S9TBCHgTZkw=="
    "resolved" "https://registry.npmjs.org/@vitejs/plugin-vue/-/plugin-vue-1.1.4.tgz"
    "version" "1.1.4"
  
  "@vue/compiler-core@3.0.5":
    "integrity" "sha512-iFXwk2gmU/GGwN4hpBwDWWMLvpkIejf/AybcFtlQ5V1ur+5jwfBaV0Y1RXoR6ePfBPJixtKZ3PmN+M+HgMAtfQ=="
    "resolved" "https://registry.npmjs.org/@vue/compiler-core/-/compiler-core-3.0.5.tgz"
    "version" "3.0.5"
    dependencies:
      "@babel/parser" "^7.12.0"
      "@babel/types" "^7.12.0"
      "@vue/shared" "3.0.5"
      "estree-walker" "^2.0.1"
      "source-map" "^0.6.1"
  
  "@vue/compiler-dom@3.0.5":
    "integrity" "sha512-HSOSe2XSPuCkp20h4+HXSiPH9qkhz6YbW9z9ZtL5vef2T2PMugH7/osIFVSrRZP/Ul5twFZ7MIRlp8tPX6e4/g=="
    "resolved" "https://registry.npmjs.org/@vue/compiler-dom/-/compiler-dom-3.0.5.tgz"
    "version" "3.0.5"
    dependencies:
      "@vue/compiler-core" "3.0.5"
      "@vue/shared" "3.0.5"
  
  "@vue/compiler-sfc@^3.0.4", "@vue/compiler-sfc@^3.0.5":
    "integrity" "sha512-uOAC4X0Gx3SQ9YvDC7YMpbDvoCmPvP0afVhJoxRotDdJ+r8VO3q4hFf/2f7U62k4Vkdftp6DVni8QixrfYzs+w=="
    "resolved" "https://registry.npmjs.org/@vue/compiler-sfc/-/compiler-sfc-3.0.5.tgz"
    "version" "3.0.5"
    dependencies:
      "@babel/parser" "^7.12.0"
      "@babel/types" "^7.12.0"
      "@vue/compiler-core" "3.0.5"
      "@vue/compiler-dom" "3.0.5"
      "@vue/compiler-ssr" "3.0.5"
      "@vue/shared" "3.0.5"
      "consolidate" "^0.16.0"
      "estree-walker" "^2.0.1"
      "hash-sum" "^2.0.0"
      "lru-cache" "^5.1.1"
      "magic-string" "^0.25.7"
      "merge-source-map" "^1.1.0"
      "postcss" "^7.0.32"
      "postcss-modules" "^3.2.2"
      "postcss-selector-parser" "^6.0.4"
      "source-map" "^0.6.1"
  
  "@vue/compiler-ssr@3.0.5":
    "integrity" "sha512-Wm//Kuxa1DpgjE4P9W0coZr8wklOfJ35Jtq61CbU+t601CpPTK4+FL2QDBItaG7aoUUDCWL5nnxMkuaOgzTBKg=="
    "resolved" "https://registry.npmjs.org/@vue/compiler-ssr/-/compiler-ssr-3.0.5.tgz"
    "version" "3.0.5"
    dependencies:
      "@vue/compiler-dom" "3.0.5"
      "@vue/shared" "3.0.5"
  
  "@vue/reactivity@3.0.5":
    "integrity" "sha512-3xodUE3sEIJgS7ntwUbopIpzzvi7vDAOjVamfb2l+v1FUg0jpd3gf62N2wggJw3fxBMr+QvyxpD+dBoxLsmAjw=="
    "resolved" "https://registry.npmjs.org/@vue/reactivity/-/reactivity-3.0.5.tgz"
    "version" "3.0.5"
    dependencies:
      "@vue/shared" "3.0.5"
  
  "@vue/runtime-core@3.0.5":
    "integrity" "sha512-Cnyi2NqREwOLcTEsIi1DQX1hHtkVj4eGm4hBG7HhokS05DqpK4/80jG6PCCnCH9rIJDB2FqtaODX397210plXg=="
    "resolved" "https://registry.npmjs.org/@vue/runtime-core/-/runtime-core-3.0.5.tgz"
    "version" "3.0.5"
    dependencies:
      "@vue/reactivity" "3.0.5"
      "@vue/shared" "3.0.5"
  
  "@vue/runtime-dom@3.0.5":
    "integrity" "sha512-iilX1KySeIzHHtErT6Y44db1rhWK5tAI0CiJIPr+SJoZ2jbjoOSE6ff/jfIQakchbm1d6jq6VtRVnp5xYdOXKA=="
    "resolved" "https://registry.npmjs.org/@vue/runtime-dom/-/runtime-dom-3.0.5.tgz"
    "version" "3.0.5"
    dependencies:
      "@vue/runtime-core" "3.0.5"
      "@vue/shared" "3.0.5"
      "csstype" "^2.6.8"
  
  "@vue/shared@3.0.5":
    "integrity" "sha512-gYsNoGkWejBxNO6SNRjOh/xKeZ0H0V+TFzaPzODfBjkAIb0aQgBuixC1brandC/CDJy1wYPwSoYrXpvul7m6yw=="
    "resolved" "https://registry.npmjs.org/@vue/shared/-/shared-3.0.5.tgz"
    "version" "3.0.5"
  
  "acorn-node@^1.6.1":
    "integrity" "sha512-8mt+fslDufLYntIoPAaIMUe/lrbrehIiwmR3t2k9LljIzoigEPF27eLk2hy8zSGzmR/ogr7zbRKINMo1u0yh5A=="
    "resolved" "https://registry.npmjs.org/acorn-node/-/acorn-node-1.8.2.tgz"
    "version" "1.8.2"
    dependencies:
      "acorn" "^7.0.0"
      "acorn-walk" "^7.0.0"
      "xtend" "^4.0.2"
  
  "acorn-walk@^7.0.0":
    "integrity" "sha512-OPdCF6GsMIP+Az+aWfAAOEt2/+iVDKE7oy6lJ098aoe59oAmK76qV6Gw60SbZ8jHuG2wH058GF4pLFbYamYrVA=="
    "resolved" "https://registry.npmjs.org/acorn-walk/-/acorn-walk-7.2.0.tgz"
    "version" "7.2.0"
  
  "acorn@^7.0.0":
    "integrity" "sha512-nQyp0o1/mNdbTO1PO6kHkwSrmgZ0MT/jCCpNiwbUjGoRN4dlBhqJtoQuCnEOKzgTVwg0ZWiCoQy6SxMebQVh8A=="
    "resolved" "https://registry.npmjs.org/acorn/-/acorn-7.4.1.tgz"
    "version" "7.4.1"
  
  "ansi-styles@^3.2.1":
    "integrity" "sha512-VT0ZI6kZRdTh8YyJw3SMbYm/u+NqfsAxEpWO0Pf9sq8/e94WxxOpPKx9FR1FlyCtOVDNOQ+8ntlqFxiRc+r5qA=="
    "resolved" "https://registry.npmjs.org/ansi-styles/-/ansi-styles-3.2.1.tgz"
    "version" "3.2.1"
    dependencies:
      "color-convert" "^1.9.0"
  
  "ansi-styles@^4.1.0":
    "integrity" "sha512-zbB9rCJAT1rbjiVDb2hqKFHNYLxgtk8NURxZ3IZwD3F6NtxbXZQCnnSi1Lkx+IDohdPlFp222wVALIheZJQSEg=="
    "resolved" "https://registry.npmjs.org/ansi-styles/-/ansi-styles-4.3.0.tgz"
    "version" "4.3.0"
    dependencies:
      "color-convert" "^2.0.1"
  
  "at-least-node@^1.0.0":
    "integrity" "sha512-+q/t7Ekv1EDY2l6Gda6LLiX14rU9TV20Wa3ofeQmwPFZbOMo9DXrLbOjFaaclkXKWidIaopwAObQDqwWtGUjqg=="
    "resolved" "https://registry.npmjs.org/at-least-node/-/at-least-node-1.0.0.tgz"
    "version" "1.0.0"
  
  "autoprefixer@^10.0.2", "autoprefixer@^10.2.4":
    "integrity" "sha512-DCCdUQiMD+P/as8m3XkeTUkUKuuRqLGcwD0nll7wevhqoJfMRpJlkFd1+MQh1pvupjiQuip42lc/VFvfUTMSKw=="
    "resolved" "https://registry.npmjs.org/autoprefixer/-/autoprefixer-10.2.4.tgz"
    "version" "10.2.4"
    dependencies:
      "browserslist" "^4.16.1"
      "caniuse-lite" "^1.0.30001181"
      "colorette" "^1.2.1"
      "fraction.js" "^4.0.13"
      "normalize-range" "^0.1.2"
      "postcss-value-parser" "^4.1.0"
  
  "axios@^0.21.1", "axios@>= 0.20.0":
    "integrity" "sha512-dKQiRHxGD9PPRIUNIWvZhPTPpl1rf/OxTYKsqKUDjBwYylTvV7SjSHJb9ratfyzM6wCdLCOYLzs73qpg5c4iGA=="
    "resolved" "https://registry.npmjs.org/axios/-/axios-0.21.1.tgz"
    "version" "0.21.1"
    dependencies:
      "follow-redirects" "^1.10.0"
  
  "balanced-match@^1.0.0":
    "integrity" "sha1-ibTRmasr7kneFk6gK4nORi1xt2c="
    "resolved" "https://registry.npmjs.org/balanced-match/-/balanced-match-1.0.0.tgz"
    "version" "1.0.0"
  
  "big.js@^5.2.2":
    "integrity" "sha512-vyL2OymJxmarO8gxMr0mhChsO9QGwhynfuu4+MHTAW6czfq9humCB7rKpUjDd9YUiDPU4mzpyupFSvOClAwbmQ=="
    "resolved" "https://registry.npmjs.org/big.js/-/big.js-5.2.2.tgz"
    "version" "5.2.2"
  
  "bluebird@^3.7.2":
    "integrity" "sha512-XpNj6GDQzdfW+r2Wnn7xiSAd7TM3jzkxGXBGTtWKuSXv1xUV+azxAm8jdWZN06QTQk+2N2XB9jRDkvbmQmcRtg=="
    "resolved" "https://registry.npmjs.org/bluebird/-/bluebird-3.7.2.tgz"
    "version" "3.7.2"
  
  "brace-expansion@^1.1.7":
    "integrity" "sha512-iCuPHDFgrHX7H2vEI/5xpz07zSHB00TpugqhmYtVmMO6518mCuRMoOYFldEBl0g187ufozdaHgWKcYFb61qGiA=="
    "resolved" "https://registry.npmjs.org/brace-expansion/-/brace-expansion-1.1.11.tgz"
    "version" "1.1.11"
    dependencies:
      "balanced-match" "^1.0.0"
      "concat-map" "0.0.1"
  
  "browserslist@^4.16.1":
    "integrity" "sha512-vIyhWmIkULaq04Gt93txdh+j02yX/JzlyhLYbV3YQCn/zvES3JnY7TifHHvvr1w5hTDluNKMkV05cs4vy8Q7sw=="
    "resolved" "https://registry.npmjs.org/browserslist/-/browserslist-4.16.3.tgz"
    "version" "4.16.3"
    dependencies:
      "caniuse-lite" "^1.0.30001181"
      "colorette" "^1.2.1"
      "electron-to-chromium" "^1.3.649"
      "escalade" "^3.1.1"
      "node-releases" "^1.1.70"
  
  "bytes@^3.0.0":
    "integrity" "sha512-zauLjrfCG+xvoyaqLoV8bLVXXNGC4JqlxFCutSDWA6fJrTo2ZuvLYTqZ7aHBLZSMOopbzwv8f+wZcVzfVTI2Dg=="
    "resolved" "https://registry.npmjs.org/bytes/-/bytes-3.1.0.tgz"
    "version" "3.1.0"
  
  "camelcase-css@^2.0.1":
    "integrity" "sha512-QOSvevhslijgYwRx6Rv7zKdMF8lbRmx+uQGx2+vDc+KI/eBnsy9kit5aj23AgGu3pa4t9AgwbnXWqS+iOY+2aA=="
    "resolved" "https://registry.npmjs.org/camelcase-css/-/camelcase-css-2.0.1.tgz"
    "version" "2.0.1"
  
  "caniuse-lite@^1.0.30001181":
    "integrity" "sha512-m5ul/ARCX50JB8BSNM+oiPmQrR5UmngaQ3QThTTp5HcIIQGP/nPBs82BYLE+tigzm3VW+F4BJIhUyaVtEweelQ=="
    "resolved" "https://registry.npmjs.org/caniuse-lite/-/caniuse-lite-1.0.30001181.tgz"
    "version" "1.0.30001181"
  
  "chalk@^2.4.1":
    "integrity" "sha512-Mti+f9lpJNcwF4tWV8/OrTTtF1gZi+f8FqlyAdouralcFWFQWF2+NgCHShjkCb+IFBLq9buZwE1xckQU4peSuQ=="
    "resolved" "https://registry.npmjs.org/chalk/-/chalk-2.4.2.tgz"
    "version" "2.4.2"
    dependencies:
      "ansi-styles" "^3.2.1"
      "escape-string-regexp" "^1.0.5"
      "supports-color" "^5.3.0"
  
  "chalk@^2.4.2":
    "integrity" "sha512-Mti+f9lpJNcwF4tWV8/OrTTtF1gZi+f8FqlyAdouralcFWFQWF2+NgCHShjkCb+IFBLq9buZwE1xckQU4peSuQ=="
    "resolved" "https://registry.npmjs.org/chalk/-/chalk-2.4.2.tgz"
    "version" "2.4.2"
    dependencies:
      "ansi-styles" "^3.2.1"
      "escape-string-regexp" "^1.0.5"
      "supports-color" "^5.3.0"
  
  "chalk@^4.1.0":
    "integrity" "sha512-qwx12AxXe2Q5xQ43Ac//I6v5aXTipYrSESdOgzrN+9XjgEpyjpKuvSGaN4qE93f7TQTlerQQ8S+EQ0EyDoVL1A=="
    "resolved" "https://registry.npmjs.org/chalk/-/chalk-4.1.0.tgz"
    "version" "4.1.0"
    dependencies:
      "ansi-styles" "^4.1.0"
      "supports-color" "^7.1.0"
  
  "color-convert@^1.9.0":
    "integrity" "sha512-QfAUtd+vFdAtFQcC8CCyYt1fYWxSqAiK2cSD6zDB8N3cpsEBAvRxp9zOGg6G/SHHJYAT88/az/IuDGALsNVbGg=="
    "resolved" "https://registry.npmjs.org/color-convert/-/color-convert-1.9.3.tgz"
    "version" "1.9.3"
    dependencies:
      "color-name" "1.1.3"
  
  "color-convert@^1.9.1":
    "integrity" "sha512-QfAUtd+vFdAtFQcC8CCyYt1fYWxSqAiK2cSD6zDB8N3cpsEBAvRxp9zOGg6G/SHHJYAT88/az/IuDGALsNVbGg=="
    "resolved" "https://registry.npmjs.org/color-convert/-/color-convert-1.9.3.tgz"
    "version" "1.9.3"
    dependencies:
      "color-name" "1.1.3"
  
  "color-convert@^2.0.1":
    "integrity" "sha512-RRECPsj7iu/xb5oKYcsFHSppFNnsj/52OVTRKb4zP5onXwVF3zVmmToNcOfGC+CRDpfK/U584fMg38ZHCaElKQ=="
    "resolved" "https://registry.npmjs.org/color-convert/-/color-convert-2.0.1.tgz"
    "version" "2.0.1"
    dependencies:
      "color-name" "~1.1.4"
  
  "color-name@^1.0.0", "color-name@~1.1.4":
    "integrity" "sha512-dOy+3AuW3a2wNbZHIuMZpTcgjGuLU/uBL/ubcZF9OXbDo8ff4O8yVp5Bf0efS8uEoYo5q4Fx7dY9OgQGXgAsQA=="
    "resolved" "https://registry.npmjs.org/color-name/-/color-name-1.1.4.tgz"
    "version" "1.1.4"
  
  "color-name@1.1.3":
    "integrity" "sha1-p9BVi9icQveV3UIyj3QIMcpTvCU="
    "resolved" "https://registry.npmjs.org/color-name/-/color-name-1.1.3.tgz"
    "version" "1.1.3"
  
  "color-string@^1.5.4":
    "integrity" "sha512-57yF5yt8Xa3czSEW1jfQDE79Idk0+AkN/4KWad6tbdxUmAs3MvjxlWSWD4deYytcRfoZ9nhKyFl1kj5tBvidbw=="
    "resolved" "https://registry.npmjs.org/color-string/-/color-string-1.5.4.tgz"
    "version" "1.5.4"
    dependencies:
      "color-name" "^1.0.0"
      "simple-swizzle" "^0.2.2"
  
  "color@^3.1.3":
    "integrity" "sha512-xgXAcTHa2HeFCGLE9Xs/R82hujGtu9Jd9x4NW3T34+OMs7VoPsjwzRczKHvTAHeJwWFwX5j15+MgAppE8ztObQ=="
    "resolved" "https://registry.npmjs.org/color/-/color-3.1.3.tgz"
    "version" "3.1.3"
    dependencies:
      "color-convert" "^1.9.1"
      "color-string" "^1.5.4"
  
  "colorette@^1.2.1":
    "integrity" "sha512-puCDz0CzydiSYOrnXpz/PKd69zRrribezjtE9yd4zvytoRc8+RY/KJPvtPFKZS3E3wP6neGyMe0vOTlHO5L3Pw=="
    "resolved" "https://registry.npmjs.org/colorette/-/colorette-1.2.1.tgz"
    "version" "1.2.1"
  
  "commander@^6.0.0":
    "integrity" "sha512-U7VdrJFnJgo4xjrHpTzu0yrHPGImdsmD95ZlgYSEajAn2JKzDhDTPG9kBTefmObL2w/ngeZnilk+OV9CG3d7UA=="
    "resolved" "https://registry.npmjs.org/commander/-/commander-6.2.1.tgz"
    "version" "6.2.1"
  
  "concat-map@0.0.1":
    "integrity" "sha1-2Klr13/Wjfd5OnMDajug1UBdR3s="
    "resolved" "https://registry.npmjs.org/concat-map/-/concat-map-0.0.1.tgz"
    "version" "0.0.1"
  
  "consolidate@^0.16.0":
    "integrity" "sha512-Nhl1wzCslqXYTJVDyJCu3ODohy9OfBMB5uD2BiBTzd7w+QY0lBzafkR8y8755yMYHAaMD4NuzbAw03/xzfw+eQ=="
    "resolved" "https://registry.npmjs.org/consolidate/-/consolidate-0.16.0.tgz"
    "version" "0.16.0"
    dependencies:
      "bluebird" "^3.7.2"
  
  "css-unit-converter@^1.1.1":
    "integrity" "sha512-IiJwMC8rdZE0+xiEZHeru6YoONC4rfPMqGm2W85jMIbkFvv5nFTwJVFHam2eFrN6txmoUYFAFXiv8ICVeTO0MA=="
    "resolved" "https://registry.npmjs.org/css-unit-converter/-/css-unit-converter-1.1.2.tgz"
    "version" "1.1.2"
  
  "cssesc@^3.0.0":
    "integrity" "sha512-/Tb/JcjK111nNScGob5MNtsntNM1aCNUDipB/TkwZFhyDrrE47SOx/18wF2bbjgc3ZzCSKW1T5nt5EbFoAz/Vg=="
    "resolved" "https://registry.npmjs.org/cssesc/-/cssesc-3.0.0.tgz"
    "version" "3.0.0"
  
  "csstype@^2.6.8":
    "integrity" "sha512-2mSc+VEpGPblzAxyeR+vZhJKgYg0Og0nnRi7pmRXFYYxSfnOnW8A5wwQb4n4cE2nIOzqKOAzLCaEX6aBmNEv8A=="
    "resolved" "https://registry.npmjs.org/csstype/-/csstype-2.6.14.tgz"
    "version" "2.6.14"
  
  "defined@^1.0.0":
    "integrity" "sha1-yY2bzvdWdBiOEQlpFRGZ45sfppM="
    "resolved" "https://registry.npmjs.org/defined/-/defined-1.0.0.tgz"
    "version" "1.0.0"
  
  "detective@^5.2.0":
    "integrity" "sha512-6SsIx+nUUbuK0EthKjv0zrdnajCCXVYGmbYYiYjFVpzcjwEs/JMDZ8tPRG29J/HhN56t3GJp2cGSWDRjjot8Pg=="
    "resolved" "https://registry.npmjs.org/detective/-/detective-5.2.0.tgz"
    "version" "5.2.0"
    dependencies:
      "acorn-node" "^1.6.1"
      "defined" "^1.0.0"
      "minimist" "^1.1.1"
  
  "didyoumean@^1.2.1":
    "integrity" "sha1-6S7f2tplN9SE1zwBcv0eugxJdv8="
    "resolved" "https://registry.npmjs.org/didyoumean/-/didyoumean-1.2.1.tgz"
    "version" "1.2.1"
  
  "electron-to-chromium@^1.3.649":
    "integrity" "sha512-j6pRuNylFBbroG6NB8Lw/Im9oDY74s2zWHBP5TmdYg73cBuL6cz//SMgolVa0gIJk/DSL+kO7baJ1DSXW1FUZg=="
    "resolved" "https://registry.npmjs.org/electron-to-chromium/-/electron-to-chromium-1.3.650.tgz"
    "version" "1.3.650"
  
  "emojis-list@^3.0.0":
    "integrity" "sha512-/kyM18EfinwXZbno9FyUGeFh87KC8HRQBQGildHZbEuRyWFOmv1U10o9BBp8XVZDVNNuQKyIGIu5ZYAAXJ0V2Q=="
    "resolved" "https://registry.npmjs.org/emojis-list/-/emojis-list-3.0.0.tgz"
    "version" "3.0.0"
  
  "esbuild@^0.8.34":
    "integrity" "sha512-/do5H74a5ChyeKRWfkDh3EpICXpsz6dWTtFFbotb7BlIHvWqnRrZYDb8IBubOHdEtKzuiksilRO19aBtp3/HHQ=="
    "resolved" "https://registry.npmjs.org/esbuild/-/esbuild-0.8.39.tgz"
    "version" "0.8.39"
  
  "escalade@^3.1.1":
    "integrity" "sha512-k0er2gUkLf8O0zKJiAhmkTnJlTvINGv7ygDNPbeIsX/TJjGJZHuh9B2UxbsaEkmlEo9MfhrSzmhIlhRlI2GXnw=="
    "resolved" "https://registry.npmjs.org/escalade/-/escalade-3.1.1.tgz"
    "version" "3.1.1"
  
  "escape-string-regexp@^1.0.5":
    "integrity" "sha1-G2HAViGQqN/2rjuyzwIAyhMLhtQ="
    "resolved" "https://registry.npmjs.org/escape-string-regexp/-/escape-string-regexp-1.0.5.tgz"
    "version" "1.0.5"
  
  "estree-walker@^2.0.1":
    "integrity" "sha512-Rfkk/Mp/DL7JVje3u18FxFujQlTNR2q6QfMSMB7AvCBx91NGj/ba3kCfza0f6dVDbw7YlRf/nDrn7pQrCCyQ/w=="
    "resolved" "https://registry.npmjs.org/estree-walker/-/estree-walker-2.0.2.tgz"
    "version" "2.0.2"
  
  "follow-redirects@^1.10.0":
    "integrity" "sha512-6mPTgLxYm3r6Bkkg0vNM0HTjfGrOEtsfbhagQvbxDEsEkpNhw582upBaoRZylzen6krEmxXJgt9Ju6HiI4O7BA=="
    "resolved" "https://registry.npmjs.org/follow-redirects/-/follow-redirects-1.13.2.tgz"
    "version" "1.13.2"
  
  "fraction.js@^4.0.13":
    "integrity" "sha512-E1fz2Xs9ltlUp+qbiyx9wmt2n9dRzPsS11Jtdb8D2o+cC7wr9xkkKsVKJuBX0ST+LVS+LhLO+SbLJNtfWcJvXA=="
    "resolved" "https://registry.npmjs.org/fraction.js/-/fraction.js-4.0.13.tgz"
    "version" "4.0.13"
  
  "fs-extra@^9.0.1":
    "integrity" "sha512-hcg3ZmepS30/7BSFqRvoo3DOMQu7IjqxO5nCDt+zM9XWjb33Wg7ziNT+Qvqbuc3+gWpzO02JubVyk2G4Zvo1OQ=="
    "resolved" "https://registry.npmjs.org/fs-extra/-/fs-extra-9.1.0.tgz"
    "version" "9.1.0"
    dependencies:
      "at-least-node" "^1.0.0"
      "graceful-fs" "^4.2.0"
      "jsonfile" "^6.0.1"
      "universalify" "^2.0.0"
  
  "fs.realpath@^1.0.0":
    "integrity" "sha1-FQStJSMVjKpA20onh8sBQRmU6k8="
    "resolved" "https://registry.npmjs.org/fs.realpath/-/fs.realpath-1.0.0.tgz"
    "version" "1.0.0"
  
  "fsevents@~2.1.2":
    "integrity" "sha512-Auw9a4AxqWpa9GUfj370BMPzzyncfBABW8Mab7BGWBYDj4Isgq+cDKtx0i6u9jcX9pQDnswsaaOTgTmA5pEjuQ=="
    "resolved" "https://registry.npmjs.org/fsevents/-/fsevents-2.1.3.tgz"
    "version" "2.1.3"
  
  "fsevents@~2.3.1":
    "integrity" "sha512-YR47Eg4hChJGAB1O3yEAOkGO+rlzutoICGqGo9EZ4lKWokzZRSyIW1QmTzqjtw8MJdj9srP869CuWw/hyzSiBw=="
    "resolved" "https://registry.npmjs.org/fsevents/-/fsevents-2.3.1.tgz"
    "version" "2.3.1"
  
  "function-bind@^1.1.1":
    "integrity" "sha512-yIovAzMX49sF8Yl58fSCWJ5svSLuaibPxXQJFLmBObTuCr0Mf1KiPopGM9NiFjiYBCbfaa2Fh6breQ6ANVTI0A=="
    "resolved" "https://registry.npmjs.org/function-bind/-/function-bind-1.1.1.tgz"
    "version" "1.1.1"
  
  "generic-names@^2.0.1":
    "integrity" "sha512-kPCHWa1m9wGG/OwQpeweTwM/PYiQLrUIxXbt/P4Nic3LbGjCP0YwrALHW1uNLKZ0LIMg+RF+XRlj2ekT9ZlZAQ=="
    "resolved" "https://registry.npmjs.org/generic-names/-/generic-names-2.0.1.tgz"
    "version" "2.0.1"
    dependencies:
      "loader-utils" "^1.1.0"
  
  "glob@^7.0.0", "glob@^7.1.2":
    "integrity" "sha512-LwaxwyZ72Lk7vZINtNNrywX0ZuLyStrdDtabefZKAY5ZGJhVtgdznluResxNmPitE0SAO+O26sWTHeKSI2wMBA=="
    "resolved" "https://registry.npmjs.org/glob/-/glob-7.1.6.tgz"
    "version" "7.1.6"
    dependencies:
      "fs.realpath" "^1.0.0"
      "inflight" "^1.0.4"
      "inherits" "2"
      "minimatch" "^3.0.4"
      "once" "^1.3.0"
      "path-is-absolute" "^1.0.0"
  
  "graceful-fs@^4.1.6", "graceful-fs@^4.2.0":
    "integrity" "sha512-WjKPNJF79dtJAVniUlGGWHYGz2jWxT6VhN/4m1NdkbZ2nOsEF+cI1Edgql5zCRhs/VsQYRvrXctxktVXZUkixw=="
    "resolved" "https://registry.npmjs.org/graceful-fs/-/graceful-fs-4.2.4.tgz"
    "version" "4.2.4"
  
  "has-flag@^3.0.0":
    "integrity" "sha1-tdRU3CGZriJWmfNGfloH87lVuv0="
    "resolved" "https://registry.npmjs.org/has-flag/-/has-flag-3.0.0.tgz"
    "version" "3.0.0"
  
  "has-flag@^4.0.0":
    "integrity" "sha512-EykJT/Q1KjTWctppgIAgfSO0tKVuZUjhgMr17kqTumMl6Afv3EISleU7qZUzoXDFTAHTDC4NOoG/ZxU3EvlMPQ=="
    "resolved" "https://registry.npmjs.org/has-flag/-/has-flag-4.0.0.tgz"
    "version" "4.0.0"
  
  "has@^1.0.3":
    "integrity" "sha512-f2dvO0VU6Oej7RkWJGrehjbzMAjFp5/VKPp5tTpWIV4JHHZK1/BxbFRtf/siA2SWTe09caDmVtYYzWEIbBS4zw=="
    "resolved" "https://registry.npmjs.org/has/-/has-1.0.3.tgz"
    "version" "1.0.3"
    dependencies:
      "function-bind" "^1.1.1"
  
  "hash-sum@^2.0.0":
    "integrity" "sha512-WdZTbAByD+pHfl/g9QSsBIIwy8IT+EsPiKDs0KNX+zSHhdDLFKdZu0BQHljvO+0QI/BasbMSUa8wYNCZTvhslg=="
    "resolved" "https://registry.npmjs.org/hash-sum/-/hash-sum-2.0.0.tgz"
    "version" "2.0.0"
  
  "html-tags@^3.1.0":
    "integrity" "sha512-1qYz89hW3lFDEazhjW0yVAV87lw8lVkrJocr72XmBkMKsoSVJCQx3W8BXsC7hO2qAt8BoVjYjtAcZ9perqGnNg=="
    "resolved" "https://registry.npmjs.org/html-tags/-/html-tags-3.1.0.tgz"
    "version" "3.1.0"
  
  "icss-replace-symbols@^1.1.0":
    "integrity" "sha1-Bupvg2ead0njhs/h/oEq5dsiPe0="
    "resolved" "https://registry.npmjs.org/icss-replace-symbols/-/icss-replace-symbols-1.1.0.tgz"
    "version" "1.1.0"
  
  "icss-utils@^4.0.0", "icss-utils@^4.1.1":
    "integrity" "sha512-4aFq7wvWyMHKgxsH8QQtGpvbASCf+eM3wPRLI6R+MgAnTCZ6STYsRvttLvRWK0Nfif5piF394St3HeJDaljGPA=="
    "resolved" "https://registry.npmjs.org/icss-utils/-/icss-utils-4.1.1.tgz"
    "version" "4.1.1"
    dependencies:
      "postcss" "^7.0.14"
  
  "indexes-of@^1.0.1":
    "integrity" "sha1-8w9xbI4r00bHtn0985FVZqfAVgc="
    "resolved" "https://registry.npmjs.org/indexes-of/-/indexes-of-1.0.1.tgz"
    "version" "1.0.1"
  
  "inflight@^1.0.4":
    "integrity" "sha1-Sb1jMdfQLQwJvJEKEHW6gWW1bfk="
    "resolved" "https://registry.npmjs.org/inflight/-/inflight-1.0.6.tgz"
    "version" "1.0.6"
    dependencies:
      "once" "^1.3.0"
      "wrappy" "1"
  
  "inherits@2":
    "integrity" "sha512-k/vGaX4/Yla3WzyMCvTQOXYeIHvqOKtnqBduzTHpzpQZzAskKMhZ2K+EnBiSM9zGSoIFeMpXKxa4dYeZIQqewQ=="
    "resolved" "https://registry.npmjs.org/inherits/-/inherits-2.0.4.tgz"
    "version" "2.0.4"
  
  "is-arrayish@^0.3.1":
    "integrity" "sha512-eVRqCvVlZbuw3GrM63ovNSNAeA1K16kaR/LRY/92w0zxQ5/1YzwblUX652i4Xs9RwAGjW9d9y6X88t8OaAJfWQ=="
    "resolved" "https://registry.npmjs.org/is-arrayish/-/is-arrayish-0.3.2.tgz"
    "version" "0.3.2"
  
  "is-core-module@^2.1.0":
    "integrity" "sha512-XRAfAdyyY5F5cOXn7hYQDqh2Xmii+DEfIcQGxK/uNwMHhIkPWO0g8msXcbzLe+MpGoR951MlqM/2iIlU4vKDdQ=="
    "resolved" "https://registry.npmjs.org/is-core-module/-/is-core-module-2.2.0.tgz"
    "version" "2.2.0"
    dependencies:
      "has" "^1.0.3"
  
  "json5@^1.0.1":
    "integrity" "sha512-aKS4WQjPenRxiQsC93MNfjx+nbF4PAdYzmd/1JIj8HYzqfbu86beTuNgXDzPknWk0n0uARlyewZo4s++ES36Ow=="
    "resolved" "https://registry.npmjs.org/json5/-/json5-1.0.1.tgz"
    "version" "1.0.1"
    dependencies:
      "minimist" "^1.2.0"
  
  "jsonfile@^6.0.1":
    "integrity" "sha512-5dgndWOriYSm5cnYaJNhalLNDKOqFwyDB/rr1E9ZsGciGvKPs8R2xYGCacuf3z6K1YKDz182fd+fY3cn3pMqXQ=="
    "resolved" "https://registry.npmjs.org/jsonfile/-/jsonfile-6.1.0.tgz"
    "version" "6.1.0"
    dependencies:
      "graceful-fs" "^4.1.6"
      "universalify" "^2.0.0"
    optionalDependencies:
      "graceful-fs" "^4.1.6"
  
  "loader-utils@^1.1.0":
    "integrity" "sha512-qH0WSMBtn/oHuwjy/NucEgbx5dbxxnxup9s4PVXJUDHZBQY+s0NWA9rJf53RBnQZxfch7euUui7hpoAPvALZdA=="
    "resolved" "https://registry.npmjs.org/loader-utils/-/loader-utils-1.4.0.tgz"
    "version" "1.4.0"
    dependencies:
      "big.js" "^5.2.2"
      "emojis-list" "^3.0.0"
      "json5" "^1.0.1"
  
  "lodash.camelcase@^4.3.0":
    "integrity" "sha1-soqmKIorn8ZRA1x3EfZathkDMaY="
    "resolved" "https://registry.npmjs.org/lodash.camelcase/-/lodash.camelcase-4.3.0.tgz"
    "version" "4.3.0"
  
  "lodash.toarray@^4.4.0":
    "integrity" "sha1-JMS/zWsvuji/0FlNsRedjptlZWE="
    "resolved" "https://registry.npmjs.org/lodash.toarray/-/lodash.toarray-4.4.0.tgz"
    "version" "4.4.0"
  
  "lodash@^4.17.19", "lodash@^4.17.20":
    "integrity" "sha512-PlhdFcillOINfeV7Ni6oF1TAEayyZBoZ8bcshTHqOYJYlrqzRK5hagpagky5o4HfCzzd1TRkXPMFq6cKk9rGmA=="
    "resolved" "https://registry.npmjs.org/lodash/-/lodash-4.17.20.tgz"
    "version" "4.17.20"
  
  "lru-cache@^5.1.1":
    "integrity" "sha512-KpNARQA3Iwv+jTA0utUVVbrh+Jlrr1Fv0e56GGzAFOXN7dk/FviaDW8LHmK52DlcH4WP2n6gI8vN1aesBFgo9w=="
    "resolved" "https://registry.npmjs.org/lru-cache/-/lru-cache-5.1.1.tgz"
    "version" "5.1.1"
    dependencies:
      "yallist" "^3.0.2"
  
  "magic-string@^0.25.7":
    "integrity" "sha512-4CrMT5DOHTDk4HYDlzmwu4FVCcIYI8gauveasrdCu2IKIFOJ3f0v/8MDGJCDL9oD2ppz/Av1b0Nj345H9M+XIA=="
    "resolved" "https://registry.npmjs.org/magic-string/-/magic-string-0.25.7.tgz"
    "version" "0.25.7"
    dependencies:
      "sourcemap-codec" "^1.4.4"
  
  "merge-source-map@^1.1.0":
    "integrity" "sha512-Qkcp7P2ygktpMPh2mCQZaf3jhN6D3Z/qVZHSdWvQ+2Ef5HgRAPBO57A77+ENm0CPx2+1Ce/MYKi3ymqdfuqibw=="
    "resolved" "https://registry.npmjs.org/merge-source-map/-/merge-source-map-1.1.0.tgz"
    "version" "1.1.0"
    dependencies:
      "source-map" "^0.6.1"
  
  "mini-svg-data-uri@^1.2.3":
    "integrity" "sha512-zd6KCAyXgmq6FV1mR10oKXYtvmA9vRoB6xPSTUJTbFApCtkefDnYueVR1gkof3KcdLZo1Y8mjF2DFmQMIxsHNQ=="
    "resolved" "https://registry.npmjs.org/mini-svg-data-uri/-/mini-svg-data-uri-1.2.3.tgz"
    "version" "1.2.3"
  
  "minimatch@^3.0.4":
    "integrity" "sha512-yJHVQEhyqPLUTgt9B83PXu6W3rx4MvvHvSUvToogpwoGDOUQ+yDrR0HRot+yOCdCO7u4hX3pWft6kWBBcqh0UA=="
    "resolved" "https://registry.npmjs.org/minimatch/-/minimatch-3.0.4.tgz"
    "version" "3.0.4"
    dependencies:
      "brace-expansion" "^1.1.7"
  
  "minimist@^1.1.1", "minimist@^1.2.0":
    "integrity" "sha512-FM9nNUYrRBAELZQT3xeZQ7fmMOBg6nWNmJKTcgsJeaLstP/UODVpGsr5OhXhhXg6f+qtJ8uiZ+PUxkDWcgIXLw=="
    "resolved" "https://registry.npmjs.org/minimist/-/minimist-1.2.5.tgz"
    "version" "1.2.5"
  
  "modern-normalize@^1.0.0":
    "integrity" "sha512-1lM+BMLGuDfsdwf3rsgBSrxJwAZHFIrQ8YR61xIqdHo0uNKI9M52wNpHSrliZATJp51On6JD0AfRxd4YGSU0lw=="
    "resolved" "https://registry.npmjs.org/modern-normalize/-/modern-normalize-1.0.0.tgz"
    "version" "1.0.0"
  
  "nanoid@^3.1.20":
    "integrity" "sha512-a1cQNyczgKbLX9jwbS/+d7W8fX/RfgYR7lVWwWOGIPNgK2m0MWvrGF6/m4kk6U3QcFMnZf3RIhL0v2Jgh/0Uxw=="
    "resolved" "https://registry.npmjs.org/nanoid/-/nanoid-3.1.20.tgz"
    "version" "3.1.20"
  
  "node-emoji@^1.8.1":
    "integrity" "sha512-Yt3384If5H6BYGVHiHwTL+99OzJKHhgp82S8/dktEK73T26BazdgZ4JZh92xSVtGNJvz9UbXdNAc5hcrXV42vw=="
    "resolved" "https://registry.npmjs.org/node-emoji/-/node-emoji-1.10.0.tgz"
    "version" "1.10.0"
    dependencies:
      "lodash.toarray" "^4.4.0"
  
  "node-releases@^1.1.70":
    "integrity" "sha512-Slf2s69+2/uAD79pVVQo8uSiC34+g8GWY8UH2Qtqv34ZfhYrxpYpfzs9Js9d6O0mbDmALuxaTlplnBTnSELcrw=="
    "resolved" "https://registry.npmjs.org/node-releases/-/node-releases-1.1.70.tgz"
    "version" "1.1.70"
  
  "normalize-range@^0.1.2":
    "integrity" "sha1-LRDAa9/TEuqXd2laTShDlFa3WUI="
    "resolved" "https://registry.npmjs.org/normalize-range/-/normalize-range-0.1.2.tgz"
    "version" "0.1.2"
  
  "object-assign@^4.1.1":
    "integrity" "sha1-IQmtx5ZYh8/AXLvUQsrIv7s2CGM="
    "resolved" "https://registry.npmjs.org/object-assign/-/object-assign-4.1.1.tgz"
    "version" "4.1.1"
  
  "object-hash@^2.0.3":
    "integrity" "sha512-VOJmgmS+7wvXf8CjbQmimtCnEx3IAoLxI3fp2fbWehxrWBcAQFbk+vcwb6vzR0VZv/eNCJ/27j151ZTwqW/JeQ=="
    "resolved" "https://registry.npmjs.org/object-hash/-/object-hash-2.1.1.tgz"
    "version" "2.1.1"
  
  "once@^1.3.0":
    "integrity" "sha1-WDsap3WWHUsROsF9nFC6753Xa9E="
    "resolved" "https://registry.npmjs.org/once/-/once-1.4.0.tgz"
    "version" "1.4.0"
    dependencies:
      "wrappy" "1"
  
  "path-is-absolute@^1.0.0":
    "integrity" "sha1-F0uSaHNVNP+8es5r9TpanhtcX18="
    "resolved" "https://registry.npmjs.org/path-is-absolute/-/path-is-absolute-1.0.1.tgz"
    "version" "1.0.1"
  
  "path-parse@^1.0.6":
    "integrity" "sha512-GSmOT2EbHrINBf9SR7CDELwlJ8AENk3Qn7OikK4nFYAu3Ote2+JYNVvkpAEQm3/TLNEJFD/xZJjzyxg3KBWOzw=="
    "resolved" "https://registry.npmjs.org/path-parse/-/path-parse-1.0.6.tgz"
    "version" "1.0.6"
  
  "postcss-functions@^3":
    "integrity" "sha1-DpTQFERwCkgd4g3k1V+yZAVkJQ4="
    "resolved" "https://registry.npmjs.org/postcss-functions/-/postcss-functions-3.0.0.tgz"
    "version" "3.0.0"
    dependencies:
      "glob" "^7.1.2"
      "object-assign" "^4.1.1"
      "postcss" "^6.0.9"
      "postcss-value-parser" "^3.3.0"
  
  "postcss-js@^3.0.3":
    "integrity" "sha512-gWnoWQXKFw65Hk/mi2+WTQTHdPD5UJdDXZmX073EY/B3BWnYjO4F4t0VneTCnCGQ5E5GsCdMkzPaTXwl3r5dJw=="
    "resolved" "https://registry.npmjs.org/postcss-js/-/postcss-js-3.0.3.tgz"
    "version" "3.0.3"
    dependencies:
      "camelcase-css" "^2.0.1"
      "postcss" "^8.1.6"
  
  "postcss-modules-extract-imports@^2.0.0":
    "integrity" "sha512-LaYLDNS4SG8Q5WAWqIJgdHPJrDDr/Lv775rMBFUbgjTz6j34lUznACHcdRWroPvXANP2Vj7yNK57vp9eFqzLWQ=="
    "resolved" "https://registry.npmjs.org/postcss-modules-extract-imports/-/postcss-modules-extract-imports-2.0.0.tgz"
    "version" "2.0.0"
    dependencies:
      "postcss" "^7.0.5"
  
  "postcss-modules-local-by-default@^3.0.2":
    "integrity" "sha512-e3xDq+LotiGesympRlKNgaJ0PCzoUIdpH0dj47iWAui/kyTgh3CiAr1qP54uodmJhl6p9rN6BoNcdEDVJx9RDw=="
    "resolved" "https://registry.npmjs.org/postcss-modules-local-by-default/-/postcss-modules-local-by-default-3.0.3.tgz"
    "version" "3.0.3"
    dependencies:
      "icss-utils" "^4.1.1"
      "postcss" "^7.0.32"
      "postcss-selector-parser" "^6.0.2"
      "postcss-value-parser" "^4.1.0"
  
  "postcss-modules-scope@^2.2.0":
    "integrity" "sha512-YyEgsTMRpNd+HmyC7H/mh3y+MeFWevy7V1evVhJWewmMbjDHIbZbOXICC2y+m1xI1UVfIT1HMW/O04Hxyu9oXQ=="
    "resolved" "https://registry.npmjs.org/postcss-modules-scope/-/postcss-modules-scope-2.2.0.tgz"
    "version" "2.2.0"
    dependencies:
      "postcss" "^7.0.6"
      "postcss-selector-parser" "^6.0.0"
  
  "postcss-modules-values@^3.0.0":
    "integrity" "sha512-1//E5jCBrZ9DmRX+zCtmQtRSV6PV42Ix7Bzj9GbwJceduuf7IqP8MgeTXuRDHOWj2m0VzZD5+roFWDuU8RQjcg=="
    "resolved" "https://registry.npmjs.org/postcss-modules-values/-/postcss-modules-values-3.0.0.tgz"
    "version" "3.0.0"
    dependencies:
      "icss-utils" "^4.0.0"
      "postcss" "^7.0.6"
  
  "postcss-modules@^3.2.2":
    "integrity" "sha512-JQ8IAqHELxC0N6tyCg2UF40pACY5oiL6UpiqqcIFRWqgDYO8B0jnxzoQ0EOpPrWXvcpu6BSbQU/3vSiq7w8Nhw=="
    "resolved" "https://registry.npmjs.org/postcss-modules/-/postcss-modules-3.2.2.tgz"
    "version" "3.2.2"
    dependencies:
      "generic-names" "^2.0.1"
      "icss-replace-symbols" "^1.1.0"
      "lodash.camelcase" "^4.3.0"
      "postcss" "^7.0.32"
      "postcss-modules-extract-imports" "^2.0.0"
      "postcss-modules-local-by-default" "^3.0.2"
      "postcss-modules-scope" "^2.2.0"
      "postcss-modules-values" "^3.0.0"
      "string-hash" "^1.1.1"
  
  "postcss-nested@^5.0.1":
    "integrity" "sha512-R2LHPw+u5hFfDgJG748KpGbJyTv7Yr33/2tIMWxquYuHTd9EXu27PYnKi7BxMXLtzKC0a0WVsqHtd7qIluQu/g=="
    "resolved" "https://registry.npmjs.org/postcss-nested/-/postcss-nested-5.0.3.tgz"
    "version" "5.0.3"
    dependencies:
      "postcss-selector-parser" "^6.0.4"
  
  "postcss-selector-parser@^6.0.0", "postcss-selector-parser@^6.0.2", "postcss-selector-parser@^6.0.4":
    "integrity" "sha512-gjMeXBempyInaBqpp8gODmwZ52WaYsVOsfr4L4lDQ7n3ncD6mEyySiDtgzCT+NYC0mmeOLvtsF8iaEf0YT6dBw=="
    "resolved" "https://registry.npmjs.org/postcss-selector-parser/-/postcss-selector-parser-6.0.4.tgz"
    "version" "6.0.4"
    dependencies:
      "cssesc" "^3.0.0"
      "indexes-of" "^1.0.1"
      "uniq" "^1.0.1"
      "util-deprecate" "^1.0.2"
  
  "postcss-value-parser@^3.3.0":
    "integrity" "sha512-pISE66AbVkp4fDQ7VHBwRNXzAAKJjw4Vw7nWI/+Q3vuly7SNfgYXvm6i5IgFylHGK5sP/xHAbB7N49OS4gWNyQ=="
    "resolved" "https://registry.npmjs.org/postcss-value-parser/-/postcss-value-parser-3.3.1.tgz"
    "version" "3.3.1"
  
  "postcss-value-parser@^4.1.0":
    "integrity" "sha512-97DXOFbQJhk71ne5/Mt6cOu6yxsSfM0QGQyl0L25Gca4yGWEGJaig7l7gbCX623VqTBNGLRLaVUCnNkcedlRSQ=="
    "resolved" "https://registry.npmjs.org/postcss-value-parser/-/postcss-value-parser-4.1.0.tgz"
    "version" "4.1.0"
  
  "postcss@^6.0.9":
    "integrity" "sha512-soOk1h6J3VMTZtVeVpv15/Hpdl2cBLX3CAw4TAbkpTJiNPk9YP/zWcD1ND+xEtvyuuvKzbxliTOIyvkSeSJ6ag=="
    "resolved" "https://registry.npmjs.org/postcss/-/postcss-6.0.23.tgz"
    "version" "6.0.23"
    dependencies:
      "chalk" "^2.4.1"
      "source-map" "^0.6.1"
      "supports-color" "^5.4.0"
  
  "postcss@^7.0.14":
    "integrity" "sha512-3QT8bBJeX/S5zKTTjTCIjRF3If4avAT6kqxcASlTWEtAFCb9NH0OUxNDfgZSWdP5fJnBYCMEWkIFfWeugjzYMg=="
    "resolved" "https://registry.npmjs.org/postcss/-/postcss-7.0.35.tgz"
    "version" "7.0.35"
    dependencies:
      "chalk" "^2.4.2"
      "source-map" "^0.6.1"
      "supports-color" "^6.1.0"
  
  "postcss@^7.0.32":
    "integrity" "sha512-3QT8bBJeX/S5zKTTjTCIjRF3If4avAT6kqxcASlTWEtAFCb9NH0OUxNDfgZSWdP5fJnBYCMEWkIFfWeugjzYMg=="
    "resolved" "https://registry.npmjs.org/postcss/-/postcss-7.0.35.tgz"
    "version" "7.0.35"
    dependencies:
      "chalk" "^2.4.2"
      "source-map" "^0.6.1"
      "supports-color" "^6.1.0"
  
  "postcss@^7.0.5":
    "integrity" "sha512-3QT8bBJeX/S5zKTTjTCIjRF3If4avAT6kqxcASlTWEtAFCb9NH0OUxNDfgZSWdP5fJnBYCMEWkIFfWeugjzYMg=="
    "resolved" "https://registry.npmjs.org/postcss/-/postcss-7.0.35.tgz"
    "version" "7.0.35"
    dependencies:
      "chalk" "^2.4.2"
      "source-map" "^0.6.1"
      "supports-color" "^6.1.0"
  
  "postcss@^7.0.6":
    "integrity" "sha512-3QT8bBJeX/S5zKTTjTCIjRF3If4avAT6kqxcASlTWEtAFCb9NH0OUxNDfgZSWdP5fJnBYCMEWkIFfWeugjzYMg=="
    "resolved" "https://registry.npmjs.org/postcss/-/postcss-7.0.35.tgz"
    "version" "7.0.35"
    dependencies:
      "chalk" "^2.4.2"
      "source-map" "^0.6.1"
      "supports-color" "^6.1.0"
  
  "postcss@^8.0.9", "postcss@^8.1.0", "postcss@^8.1.13", "postcss@^8.1.6", "postcss@^8.2.1", "postcss@^8.2.4":
    "integrity" "sha512-kRFftRoExRVXZlwUuay9iC824qmXPcQQVzAjbCCgjpXnkdMCJYBu2gTwAaFBzv8ewND6O8xFb3aELmEkh9zTzg=="
    "resolved" "https://registry.npmjs.org/postcss/-/postcss-8.2.4.tgz"
    "version" "8.2.4"
    dependencies:
      "colorette" "^1.2.1"
      "nanoid" "^3.1.20"
      "source-map" "^0.6.1"
  
  "pretty-hrtime@^1.0.3":
    "integrity" "sha1-t+PqQkNaTJsnWdmeDyAesZWALuE="
    "resolved" "https://registry.npmjs.org/pretty-hrtime/-/pretty-hrtime-1.0.3.tgz"
    "version" "1.0.3"
  
  "purgecss@^3.1.3":
    "integrity" "sha512-hRSLN9mguJ2lzlIQtW4qmPS2kh6oMnA9RxdIYK8sz18QYqd6ePp4GNDl18oWHA1f2v2NEQIh51CO8s/E3YGckQ=="
    "resolved" "https://registry.npmjs.org/purgecss/-/purgecss-3.1.3.tgz"
    "version" "3.1.3"
    dependencies:
      "commander" "^6.0.0"
      "glob" "^7.0.0"
      "postcss" "^8.2.1"
      "postcss-selector-parser" "^6.0.2"
  
  "reduce-css-calc@^2.1.6":
    "integrity" "sha512-8liAVezDmUcH+tdzoEGrhfbGcP7nOV4NkGE3a74+qqvE7nt9i4sKLGBuZNOnpI4WiGksiNPklZxva80061QiPg=="
    "resolved" "https://registry.npmjs.org/reduce-css-calc/-/reduce-css-calc-2.1.8.tgz"
    "version" "2.1.8"
    dependencies:
      "css-unit-converter" "^1.1.1"
      "postcss-value-parser" "^3.3.0"
  
  "resolve@^1.19.0":
    "integrity" "sha512-rArEXAgsBG4UgRGcynxWIWKFvh/XZCcS8UJdHhwy91zwAvCZIbcs+vAbflgBnNjYMs/i/i+/Ux6IZhML1yPvxg=="
    "resolved" "https://registry.npmjs.org/resolve/-/resolve-1.19.0.tgz"
    "version" "1.19.0"
    dependencies:
      "is-core-module" "^2.1.0"
      "path-parse" "^1.0.6"
  
  "rollup@^2.35.1":
    "integrity" "sha512-FVx/XzR2DtCozKNDBjHJCHIgkC12rNg/ruAeoYWjLeeKfSKgwhh+lDLDhuCkuRG/fsup8py8dKBTlHdvUFX32A=="
    "resolved" "https://registry.npmjs.org/rollup/-/rollup-2.38.3.tgz"
    "version" "2.38.3"
    dependencies:
      "fsevents" "~2.3.1"
    optionalDependencies:
      "fsevents" "~2.3.1"
  
  "simple-swizzle@^0.2.2":
    "integrity" "sha1-pNprY1/8zMoz9w0Xy5JZLeleVXo="
    "resolved" "https://registry.npmjs.org/simple-swizzle/-/simple-swizzle-0.2.2.tgz"
    "version" "0.2.2"
    dependencies:
      "is-arrayish" "^0.3.1"
  
  "source-map@^0.6.1":
    "integrity" "sha512-UjgapumWlbMhkBgzT7Ykc5YXUT46F0iKu8SGXq0bcwP5dz/h0Plj6enJqjz1Zbq2l5WaqYnrVbwWOWMyF3F47g=="
    "resolved" "https://registry.npmjs.org/source-map/-/source-map-0.6.1.tgz"
    "version" "0.6.1"
  
  "sourcemap-codec@^1.4.4":
    "integrity" "sha512-9NykojV5Uih4lgo5So5dtw+f0JgJX30KCNI8gwhz2J9A15wD0Ml6tjHKwf6fTSa6fAdVBdZeNOs9eJ71qCk8vA=="
    "resolved" "https://registry.npmjs.org/sourcemap-codec/-/sourcemap-codec-1.4.8.tgz"
    "version" "1.4.8"
  
  "string-hash@^1.1.1":
    "integrity" "sha1-6Kr8CsGFW0Zmkp7X3RJ1311sgRs="
    "resolved" "https://registry.npmjs.org/string-hash/-/string-hash-1.1.3.tgz"
    "version" "1.1.3"
  
  "supports-color@^5.3.0", "supports-color@^5.4.0":
    "integrity" "sha512-QjVjwdXIt408MIiAqCX4oUKsgU2EqAGzs2Ppkm4aQYbjm+ZEWEcW4SfFNTr4uMNZma0ey4f5lgLrkB0aX0QMow=="
    "resolved" "https://registry.npmjs.org/supports-color/-/supports-color-5.5.0.tgz"
    "version" "5.5.0"
    dependencies:
      "has-flag" "^3.0.0"
  
  "supports-color@^6.1.0":
    "integrity" "sha512-qe1jfm1Mg7Nq/NSh6XE24gPXROEVsWHxC1LIx//XNlD9iw7YZQGjZNjYN7xGaEG6iKdA8EtNFW6R0gjnVXp+wQ=="
    "resolved" "https://registry.npmjs.org/supports-color/-/supports-color-6.1.0.tgz"
    "version" "6.1.0"
    dependencies:
      "has-flag" "^3.0.0"
  
  "supports-color@^7.1.0":
    "integrity" "sha512-qpCAvRl9stuOHveKsn7HncJRvv501qIacKzQlO/+Lwxc9+0q2wLyv4Dfvt80/DPn2pqOBsJdDiogXGR9+OvwRw=="
    "resolved" "https://registry.npmjs.org/supports-color/-/supports-color-7.2.0.tgz"
    "version" "7.2.0"
    dependencies:
      "has-flag" "^4.0.0"
  
  "tailwindcss@^2.0.2":
    "integrity" "sha512-nO9JRE1pO7SF9RnYAl6g7uzeHdrmKAFqNjT9NtZUfxqimJZAOOLOEyIEUiMq12+xIc7mC2Ey3Vf90XjHpWKfbw=="
    "resolved" "https://registry.npmjs.org/tailwindcss/-/tailwindcss-2.0.2.tgz"
    "version" "2.0.2"
    dependencies:
      "@fullhuman/postcss-purgecss" "^3.0.0"
      "bytes" "^3.0.0"
      "chalk" "^4.1.0"
      "color" "^3.1.3"
      "detective" "^5.2.0"
      "didyoumean" "^1.2.1"
      "fs-extra" "^9.0.1"
      "html-tags" "^3.1.0"
      "lodash" "^4.17.20"
      "modern-normalize" "^1.0.0"
      "node-emoji" "^1.8.1"
      "object-hash" "^2.0.3"
      "postcss-functions" "^3"
      "postcss-js" "^3.0.3"
      "postcss-nested" "^5.0.1"
      "postcss-selector-parser" "^6.0.4"
      "postcss-value-parser" "^4.1.0"
      "pretty-hrtime" "^1.0.3"
      "reduce-css-calc" "^2.1.6"
      "resolve" "^1.19.0"
  
  "to-fast-properties@^2.0.0":
    "integrity" "sha1-3F5pjL0HkmW8c+A3doGk5Og/YW4="
    "resolved" "https://registry.npmjs.org/to-fast-properties/-/to-fast-properties-2.0.0.tgz"
    "version" "2.0.0"
  
  "uniq@^1.0.1":
    "integrity" "sha1-sxxa6CVIRKOoKBVBzisEuGWnNP8="
    "resolved" "https://registry.npmjs.org/uniq/-/uniq-1.0.1.tgz"
    "version" "1.0.1"
  
  "universalify@^2.0.0":
    "integrity" "sha512-hAZsKq7Yy11Zu1DE0OzWjw7nnLZmJZYTDZZyEFHZdUhV8FkH5MCfoU1XMaxXovpyW5nq5scPqq0ZDP9Zyl04oQ=="
    "resolved" "https://registry.npmjs.org/universalify/-/universalify-2.0.0.tgz"
    "version" "2.0.0"
  
  "util-deprecate@^1.0.2":
    "integrity" "sha1-RQ1Nyfpw3nMnYvvS1KKJgUGaDM8="
    "resolved" "https://registry.npmjs.org/util-deprecate/-/util-deprecate-1.0.2.tgz"
    "version" "1.0.2"
  
  "vite-aliases@^0.2.1":
    "integrity" "sha512-Uh/Y212G0fVT2dtqFOyLywSUSblicWPV5y1EUmVZan0wpsdeGQKfZlgM481GwmluAoop6vH54gUAp3ecfbZLIg=="
    "resolved" "https://registry.npmjs.org/vite-aliases/-/vite-aliases-0.2.1.tgz"
    "version" "0.2.1"
  
  "vite@^2.0.0-beta.50":
    "integrity" "sha512-NyRZ7vCwtfw/z18HmFr5ZIesum26Dg9x4ykuit1YmYsZlPxx/oF3il1U6MqkXZD2wy8HaR5fQi9d9B/6vEJMbw=="
    "resolved" "https://registry.npmjs.org/vite/-/vite-2.0.0-beta.61.tgz"
    "version" "2.0.0-beta.61"
    dependencies:
      "esbuild" "^0.8.34"
      "fsevents" "~2.1.2"
      "postcss" "^8.2.1"
      "resolve" "^1.19.0"
      "rollup" "^2.35.1"
    optionalDependencies:
      "fsevents" "~2.1.2"
  
  "vue-axios@^3.2.4":
    "integrity" "sha512-8Dgws6dwt+1LoKEU4HDzIPfaRgWHl0xLDLW6kxrAk/z3GAJ2thkajcXC4qZgmqj0cZRx/Z/dzooKi5HWtUQwxA=="
    "resolved" "https://registry.npmjs.org/vue-axios/-/vue-axios-3.2.4.tgz"
    "version" "3.2.4"
  
  "vue-router@4.0.0-alpha.11":
    "integrity" "sha512-GEgKq7rlwdv03QcGqADZg+Es8D6R8FfZRLSj0Ardx/sK8PiIxpt5ViwW94Zh2LuIEiuM1U5v8iyTBya0UBK61g=="
    "resolved" "https://registry.npmjs.org/vue-router/-/vue-router-4.0.0-alpha.11.tgz"
    "version" "4.0.0-alpha.11"
  
  "vue@^ 3.0.0 || ^ 2.0.0", "vue@^3.0.0-beta.12", "vue@^3.0.2", "vue@^3.0.5", "vue@3.0.5":
    "integrity" "sha512-TfaprOmtsAfhQau7WsomXZ8d9op/dkQLNIq8qPV3A0Vxs6GR5E+c1rfJS1SDkXRQj+dFyfnec7+U0Be1huiScg=="
    "resolved" "https://registry.npmjs.org/vue/-/vue-3.0.5.tgz"
    "version" "3.0.5"
    dependencies:
      "@vue/compiler-dom" "3.0.5"
      "@vue/runtime-dom" "3.0.5"
      "@vue/shared" "3.0.5"
  
  "vuex@^4.0.0-rc.2":
    "integrity" "sha512-56VPujlHscP5q/e7Jlpqc40sja4vOhC4uJD1llBCWolVI8ND4+VzisDVkUMl+z5y0MpIImW6HjhNc+ZvuizgOw=="
    "resolved" "https://registry.npmjs.org/vuex/-/vuex-4.0.0.tgz"
    "version" "4.0.0"
  
  "wrappy@1":
    "integrity" "sha1-tSQ9jz7BqjXxNkYFvA0QNuMKtp8="
    "resolved" "https://registry.npmjs.org/wrappy/-/wrappy-1.0.2.tgz"
    "version" "1.0.2"
  
  "xtend@^4.0.2":
    "integrity" "sha512-LKYU1iAXJXUgAXn9URjiu+MWhyUXHsvfp7mcuYm9dSUKK0/CjtrUwFAxD82/mCWbtLsGjFIad0wIsod4zrTAEQ=="
    "resolved" "https://registry.npmjs.org/xtend/-/xtend-4.0.2.tgz"
    "version" "4.0.2"
  
  "yallist@^3.0.2":
    "integrity" "sha512-a4UGQaWPH59mOXUYnAG2ewncQS4i4F43Tv3JoAM+s2VDAmS9NsK8GpDMLrCHPksFT7h3K6TOoUNn2pb7RoXx4g=="
    "resolved" "https://registry.npmjs.org/yallist/-/yallist-3.1.1.tgz"
    "version" "3.1.1"
